Started GET "/" for ::1 at 2021-03-18 17:09:01 +0000
  [1m[35m (0.5ms)[0m  [1m[34mSELECT "schema_migrations"."version" FROM "schema_migrations" ORDER BY "schema_migrations"."version" ASC[0m
Processing by ArticlesController#index as HTML
  Rendering articles/index.html.erb within layouts/application
  [1m[36mArticle Load (1.3ms)[0m  [1m[34mSELECT "articles".* FROM "articles"[0m
  Rendered articles/index.html.erb within layouts/application (9.4ms)
  Rendered shared/_navigation.html.erb (0.8ms)
  Rendered shared/_messages.html.erb (0.6ms)
Completed 200 OK in 424ms (Views: 412.8ms | ActiveRecord: 2.2ms)


Started GET "/articles/new" for ::1 at 2021-03-18 17:09:08 +0000
Processing by ArticlesController#new as HTML
  Rendering articles/new.html.erb within layouts/application
  Rendered shared/_errors.html.erb (0.5ms)
  Rendered articles/_form.html.erb (24.7ms)
  Rendered articles/new.html.erb within layouts/application (28.5ms)
  Rendered shared/_navigation.html.erb (0.7ms)
  Rendered shared/_messages.html.erb (0.5ms)
Completed 200 OK in 81ms (Views: 77.2ms | ActiveRecord: 0.0ms)


Started POST "/articles" for ::1 at 2021-03-18 17:09:27 +0000
Processing by ArticlesController#create as HTML
  Parameters: {"utf8"=>"✓", "authenticity_token"=>"QtFmoHE0e7UzbgcqOcYz8hurZ9t3moHsNYPq7Vp/7NFG49sdnU8nJv79d37sDYLkK6dp91ncUvLgI1XF1IAuGg==", "article"=>{"title"=>"Meu novo blog", "description"=>"A minha descrição", "body"=>"Fucking proud I created this"}, "commit"=>"Create Article"}
  [1m[35m (0.1ms)[0m  [1m[36mbegin transaction[0m
  [1m[35m (0.2ms)[0m  [1m[31mrollback transaction[0m
  Rendering articles/new.html.erb within layouts/application
  Rendered shared/_errors.html.erb (0.9ms)
  Rendered articles/_form.html.erb (6.6ms)
  Rendered articles/new.html.erb within layouts/application (8.9ms)
  Rendered shared/_navigation.html.erb (0.9ms)
  Rendered shared/_messages.html.erb (0.5ms)
Completed 200 OK in 70ms (Views: 66.2ms | ActiveRecord: 0.2ms)


Started POST "/articles" for ::1 at 2021-03-18 17:09:37 +0000
Processing by ArticlesController#create as HTML
  Parameters: {"utf8"=>"✓", "authenticity_token"=>"vo1uIr38MgeSMrdYT6mW3Cu4zfCL27tSPvTavAtE3tkcaSTtF1YkpPHAzUmWjxcBYR4VwF536KmlaQyYaC5+vg==", "article"=>{"title"=>"Meu novo blog", "description"=>"A minha descrição", "body"=>"Fucking proud I created this Fucking proud I created thisFucking proud I created thisFucking proud I created thisFucking proud I created thisFucking proud I created thisFucking proud I created thisFucking proud I created thisFucking proud I created thisFucking proud I created thisFucking proud I created thisFucking proud I created thisFucking proud I created this"}, "commit"=>"Create Article"}
  [1m[35m (0.0ms)[0m  [1m[36mbegin transaction[0m
  [1m[35mSQL (20.1ms)[0m  [1m[32mINSERT INTO "articles" ("title", "description", "body") VALUES (?, ?, ?)[0m  [["title", "Meu novo blog"], ["description", "A minha descrição"], ["body", "Fucking proud I created this Fucking proud I created thisFucking proud I created thisFucking proud I created thisFucking proud I created thisFucking proud I created thisFucking proud I created thisFucking proud I created thisFucking proud I created thisFucking proud I created thisFucking proud I created thisFucking proud I created thisFucking proud I created this"]]
  [1m[35m (2.0ms)[0m  [1m[36mcommit transaction[0m
Redirected to http://localhost:3000/articles/23
Completed 302 Found in 26ms (ActiveRecord: 22.1ms)


Started GET "/articles/23" for ::1 at 2021-03-18 17:09:37 +0000
Processing by ArticlesController#show as HTML
  Parameters: {"id"=>"23"}
  [1m[36mArticle Load (0.2ms)[0m  [1m[34mSELECT  "articles".* FROM "articles" WHERE "articles"."id" = ? LIMIT ?[0m  [["id", 23], ["LIMIT", 1]]
  Rendering articles/show.html.erb within layouts/application
  Rendered articles/show.html.erb within layouts/application (0.8ms)
  Rendered shared/_navigation.html.erb (1.2ms)
  Rendered shared/_messages.html.erb (0.6ms)
Completed 200 OK in 76ms (Views: 69.8ms | ActiveRecord: 0.2ms)


Started GET "/articles" for ::1 at 2021-03-18 17:09:50 +0000
Processing by ArticlesController#index as HTML
  Rendering articles/index.html.erb within layouts/application
  [1m[36mArticle Load (0.2ms)[0m  [1m[34mSELECT "articles".* FROM "articles"[0m
  Rendered articles/index.html.erb within layouts/application (4.3ms)
  Rendered shared/_navigation.html.erb (0.7ms)
  Rendered shared/_messages.html.erb (0.3ms)
Completed 200 OK in 68ms (Views: 64.8ms | ActiveRecord: 0.2ms)


Started GET "/articles/23" for ::1 at 2021-03-18 17:10:10 +0000
Processing by ArticlesController#show as HTML
  Parameters: {"id"=>"23"}
  [1m[36mArticle Load (0.1ms)[0m  [1m[34mSELECT  "articles".* FROM "articles" WHERE "articles"."id" = ? LIMIT ?[0m  [["id", 23], ["LIMIT", 1]]
  Rendering articles/show.html.erb within layouts/application
  Rendered articles/show.html.erb within layouts/application (1.7ms)
  Rendered shared/_navigation.html.erb (0.4ms)
  Rendered shared/_messages.html.erb (0.3ms)
Completed 200 OK in 56ms (Views: 51.7ms | ActiveRecord: 0.1ms)


Started DELETE "/articles/23" for ::1 at 2021-03-18 17:10:16 +0000
Processing by ArticlesController#destroy as HTML
  Parameters: {"authenticity_token"=>"CahaQHdXf3NGtqDpLYq1/j+Eos7AxnXzAtunILlWpcyrTBCP3f1p0CVE2vj0rDQjdSJ6/hVqJgiZRnEE2jwFqw==", "id"=>"23"}
  [1m[36mArticle Load (0.1ms)[0m  [1m[34mSELECT  "articles".* FROM "articles" WHERE "articles"."id" = ? LIMIT ?[0m  [["id", 23], ["LIMIT", 1]]
  [1m[35m (0.1ms)[0m  [1m[36mbegin transaction[0m
  [1m[35mSQL (0.8ms)[0m  [1m[31mDELETE FROM "articles" WHERE "articles"."id" = ?[0m  [["id", 23]]
  [1m[35m (0.9ms)[0m  [1m[36mcommit transaction[0m
Redirected to http://localhost:3000/articles
Completed 302 Found in 5ms (ActiveRecord: 2.0ms)


Started GET "/articles" for ::1 at 2021-03-18 17:10:16 +0000
Processing by ArticlesController#index as HTML
  Rendering articles/index.html.erb within layouts/application
  [1m[36mArticle Load (0.2ms)[0m  [1m[34mSELECT "articles".* FROM "articles"[0m
  Rendered articles/index.html.erb within layouts/application (2.0ms)
  Rendered shared/_navigation.html.erb (0.5ms)
  Rendered shared/_messages.html.erb (0.3ms)
Completed 200 OK in 59ms (Views: 56.1ms | ActiveRecord: 0.2ms)


Started GET "/articles" for ::1 at 2021-03-18 17:14:19 +0000
Processing by ArticlesController#index as HTML
  Rendering articles/index.html.erb within layouts/application
  [1m[36mArticle Load (0.2ms)[0m  [1m[34mSELECT "articles".* FROM "articles"[0m
  Rendered articles/index.html.erb within layouts/application (2.7ms)
  Rendered shared/_navigation.html.erb (0.7ms)
  Rendered shared/_messages.html.erb (0.3ms)
Completed 200 OK in 102ms (Views: 99.2ms | ActiveRecord: 0.2ms)


Started GET "/articles/8" for ::1 at 2021-03-18 17:14:21 +0000
Processing by ArticlesController#show as HTML
  Parameters: {"id"=>"8"}
  [1m[36mArticle Load (0.2ms)[0m  [1m[34mSELECT  "articles".* FROM "articles" WHERE "articles"."id" = ? LIMIT ?[0m  [["id", 8], ["LIMIT", 1]]
  Rendering articles/show.html.erb within layouts/application
  Rendered articles/show.html.erb within layouts/application (1.3ms)
  Rendered shared/_navigation.html.erb (0.6ms)
  Rendered shared/_messages.html.erb (0.6ms)
Completed 200 OK in 66ms (Views: 60.7ms | ActiveRecord: 0.2ms)


Started GET "/articles/new" for ::1 at 2021-03-18 17:14:28 +0000
Processing by ArticlesController#new as HTML
  Rendering articles/new.html.erb within layouts/application
  Rendered shared/_errors.html.erb (0.5ms)
  Rendered articles/_form.html.erb (7.0ms)
  Rendered articles/new.html.erb within layouts/application (10.7ms)
  Rendered shared/_navigation.html.erb (0.5ms)
  Rendered shared/_messages.html.erb (0.4ms)
Completed 200 OK in 70ms (Views: 64.8ms | ActiveRecord: 0.0ms)


Started GET "/articles/new" for ::1 at 2021-03-18 17:15:21 +0000
Processing by ArticlesController#new as HTML
  Rendering articles/new.html.erb within layouts/application
  Rendered shared/_errors.html.erb (0.6ms)
  Rendered articles/_form.html.erb (6.8ms)
  Rendered articles/new.html.erb within layouts/application (9.8ms)
  Rendered shared/_navigation.html.erb (0.7ms)
  Rendered shared/_messages.html.erb (0.4ms)
Completed 200 OK in 3054ms (Views: 3051.1ms | ActiveRecord: 0.0ms)


Started GET "/articles/new" for ::1 at 2021-03-18 17:15:31 +0000
Processing by ArticlesController#new as HTML
  Rendering articles/new.html.erb within layouts/application
  Rendered shared/_errors.html.erb (0.3ms)
  Rendered articles/_form.html.erb (3.7ms)
  Rendered articles/new.html.erb within layouts/application (5.3ms)
  Rendered shared/_navigation.html.erb (0.9ms)
  Rendered shared/_messages.html.erb (0.5ms)
Completed 200 OK in 2264ms (Views: 2261.1ms | ActiveRecord: 0.0ms)


Started GET "/" for ::1 at 2021-03-18 17:15:43 +0000
Processing by ArticlesController#index as HTML
  Rendering articles/index.html.erb within layouts/application
  [1m[36mArticle Load (0.3ms)[0m  [1m[34mSELECT "articles".* FROM "articles"[0m
  Rendered articles/index.html.erb within layouts/application (3.9ms)
  Rendered shared/_navigation.html.erb (0.6ms)
  Rendered shared/_messages.html.erb (0.7ms)
Completed 200 OK in 91ms (Views: 86.3ms | ActiveRecord: 0.3ms)


